{"/home/joao.lopes@softplan.com.br/Desenvolvimento/Bayon-Component-Generator/src/components/FactoryCodes/FactoryCodes.ts": {"path":"/home/joao.lopes@softplan.com.br/Desenvolvimento/Bayon-Component-Generator/src/components/FactoryCodes/FactoryCodes.ts","statementMap":{"0":{"start":{"line":4,"column":24},"end":{"line":15,"column":null}},"1":{"start":{"line":5,"column":0},"end":{"line":15,"column":null}},"2":{"start":{"line":19,"column":27},"end":{"line":26,"column":null}},"3":{"start":{"line":20,"column":0},"end":{"line":26,"column":null}},"4":{"start":{"line":30,"column":18},"end":{"line":32,"column":null}},"5":{"start":{"line":31,"column":0},"end":{"line":32,"column":null}},"6":{"start":{"line":36,"column":26},"end":{"line":56,"column":null}},"7":{"start":{"line":37,"column":0},"end":{"line":56,"column":null}},"8":{"start":{"line":62,"column":21},"end":{"line":71,"column":1}},"9":{"start":{"line":63,"column":29},"end":{"line":68,"column":4}},"10":{"start":{"line":70,"column":2},"end":{"line":70,"column":34}},"11":{"start":{"line":73,"column":0},"end":{"line":73,"column":28}}},"fnMap":{"0":{"name":"(anonymous_0)","decl":{"start":{"line":4,"column":24},"end":{"line":4,"column":25}},"loc":{"start":{"line":5,"column":0},"end":{"line":15,"column":null}}},"1":{"name":"(anonymous_1)","decl":{"start":{"line":19,"column":27},"end":{"line":19,"column":30}},"loc":{"start":{"line":20,"column":0},"end":{"line":26,"column":null}}},"2":{"name":"(anonymous_2)","decl":{"start":{"line":30,"column":18},"end":{"line":30,"column":19}},"loc":{"start":{"line":31,"column":0},"end":{"line":32,"column":null}}},"3":{"name":"(anonymous_3)","decl":{"start":{"line":36,"column":26},"end":{"line":36,"column":27}},"loc":{"start":{"line":37,"column":0},"end":{"line":56,"column":null}}},"4":{"name":"(anonymous_4)","decl":{"start":{"line":62,"column":21},"end":{"line":62,"column":22}},"loc":{"start":{"line":62,"column":52},"end":{"line":71,"column":1}}}},"branchMap":{},"s":{"0":1,"1":4,"2":1,"3":4,"4":1,"5":4,"6":1,"7":4,"8":1,"9":4,"10":4,"11":1},"f":{"0":4,"1":4,"2":4,"3":4,"4":4},"b":{}}
,"/home/joao.lopes@softplan.com.br/Desenvolvimento/Bayon-Component-Generator/src/components/WriteFiles/WriteFiles.ts": {"path":"/home/joao.lopes@softplan.com.br/Desenvolvimento/Bayon-Component-Generator/src/components/WriteFiles/WriteFiles.ts","statementMap":{"0":{"start":{"line":1,"column":0},"end":{"line":1,"column":33}},"1":{"start":{"line":2,"column":0},"end":{"line":2,"column":35}},"2":{"start":{"line":4,"column":41},"end":{"line":8,"column":1}},"3":{"start":{"line":5,"column":2},"end":{"line":7,"column":3}},"4":{"start":{"line":6,"column":4},"end":{"line":6,"column":84}},"5":{"start":{"line":4,"column":13},"end":{"line":4,"column":41}},"6":{"start":{"line":10,"column":33},"end":{"line":13,"column":1}},"7":{"start":{"line":11,"column":19},"end":{"line":11,"column":69}},"8":{"start":{"line":12,"column":2},"end":{"line":12,"column":48}},"9":{"start":{"line":10,"column":13},"end":{"line":10,"column":33}},"10":{"start":{"line":15,"column":41},"end":{"line":21,"column":1}},"11":{"start":{"line":16,"column":18},"end":{"line":16,"column":61}},"12":{"start":{"line":17,"column":2},"end":{"line":17,"column":156}},"13":{"start":{"line":18,"column":2},"end":{"line":18,"column":140}},"14":{"start":{"line":19,"column":2},"end":{"line":19,"column":136}},"15":{"start":{"line":20,"column":2},"end":{"line":20,"column":136}},"16":{"start":{"line":15,"column":13},"end":{"line":15,"column":41}}},"fnMap":{"0":{"name":"(anonymous_0)","decl":{"start":{"line":4,"column":41},"end":{"line":4,"column":44}},"loc":{"start":{"line":4,"column":46},"end":{"line":8,"column":1}}},"1":{"name":"(anonymous_1)","decl":{"start":{"line":10,"column":33},"end":{"line":10,"column":34}},"loc":{"start":{"line":10,"column":73},"end":{"line":13,"column":1}}},"2":{"name":"(anonymous_2)","decl":{"start":{"line":15,"column":41},"end":{"line":15,"column":42}},"loc":{"start":{"line":15,"column":81},"end":{"line":21,"column":1}}}},"branchMap":{"0":{"loc":{"start":{"line":5,"column":2},"end":{"line":7,"column":3}},"type":"if","locations":[{"start":{"line":5,"column":2},"end":{"line":7,"column":3}}]}},"s":{"0":1,"1":1,"2":1,"3":2,"4":1,"5":1,"6":1,"7":1,"8":1,"9":1,"10":1,"11":1,"12":1,"13":1,"14":1,"15":1,"16":1},"f":{"0":2,"1":1,"2":1},"b":{"0":[1]}}
}
