TN:
SF:src/components/FactoryCodes/FactoryCodes.ts
FN:4,(anonymous_0)
FN:19,(anonymous_1)
FN:30,(anonymous_2)
FN:36,(anonymous_3)
FN:62,(anonymous_4)
FNF:5
FNH:5
FNDA:4,(anonymous_0)
FNDA:4,(anonymous_1)
FNDA:4,(anonymous_2)
FNDA:4,(anonymous_3)
FNDA:4,(anonymous_4)
DA:4,1
DA:5,4
DA:19,1
DA:20,4
DA:30,1
DA:31,4
DA:36,1
DA:37,4
DA:62,1
DA:63,4
DA:70,4
DA:73,1
LF:12
LH:12
BRF:0
BRH:0
end_of_record
TN:
SF:src/components/WriteFiles/WriteFiles.ts
FN:4,(anonymous_0)
FN:10,(anonymous_1)
FN:15,(anonymous_2)
FNF:3
FNH:3
FNDA:2,(anonymous_0)
FNDA:1,(anonymous_1)
FNDA:1,(anonymous_2)
DA:1,1
DA:2,1
DA:4,1
DA:5,2
DA:6,1
DA:10,1
DA:11,1
DA:12,1
DA:15,1
DA:16,1
DA:17,1
DA:18,1
DA:19,1
DA:20,1
LF:14
LH:14
BRDA:5,0,0,1
BRF:1
BRH:1
end_of_record
